<?xml version="1.0" encoding="UTF-8"?>
<!-- Generated by org.testng.reporters.JUnitReportReporter -->
<testsuite hostname="HW1611" name="com.Mumms.scripts.Reports" tests="1" failures="0" timestamp="7 Mar 2016 19:38:09 GMT" time="106.502" errors="0">
  <testcase name="testGenerateVisitReport" time="106.502" classname="com.Mumms.scripts.Reports"/>
</testsuite> <!-- com.Mumms.scripts.Reports -->
