<?xml version="1.0" encoding="UTF-8"?>
<!-- Generated by org.testng.reporters.JUnitReportReporter -->
<testsuite hostname="HW1611" name="com.Mumms.scripts.Admin" tests="1" failures="0" timestamp="25 Feb 2016 18:55:42 GMT" time="123.022" errors="0">
  <testcase name="addNewRole" time="123.022" classname="com.Mumms.scripts.Admin"/>
</testsuite> <!-- com.Mumms.scripts.Admin -->
