<?xml version="1.0" encoding="UTF-8"?>
<!-- Generated by org.testng.reporters.JUnitReportReporter -->
<testsuite hostname="HW0380" name="com.Mumms.scripts.Patient" tests="1" failures="0" timestamp="17 Feb 2016 12:29:54 GMT" time="130.677" errors="0">
  <testcase name="TestCreateNewAccount" time="130.677" classname="com.Mumms.scripts.Patient"/>
</testsuite> <!-- com.Mumms.scripts.Patient -->
